2025-12-26 13:56:29 [INFO] User requested encryption
2025-12-26 13:56:32 [INFO] User generated key with password
2025-12-26 13:56:32 [INFO] Text encrypttion activated
2025-12-26 13:56:38 [INFO] Saved text file: /Users/nicklas.thegerstrom/ws/projects/nickcipher/data/output/testlogger.txt
2025-12-26 13:56:38 [INFO] New file saved as /Users/nicklas.thegerstrom/ws/projects/nickcipher/data/output/testlogger.txt
2025-12-26 13:56:48 [INFO] User opened text from file: /Users/nicklas.thegerstrom/ws/projects/nickcipher/data/output/testlogger.txt
2025-12-26 13:56:48 [INFO] User requested decryption
2025-12-26 13:56:48 [INFO] Active key loaded in memory
2025-12-26 13:56:52 [INFO] User discarded loaded key, generating new from password
2025-12-26 13:56:56 [INFO] Text decryption activated
2025-12-26 13:57:05 [INFO] User exited application
2025-12-26 16:32:09 [INFO] User exited application
2025-12-26 16:32:43 [INFO] User opened text from file: /Users/nicklas.thegerstrom/ws/projects/nickcipher/data/input/test2.txt
2025-12-26 16:32:43 [INFO] User requested encryption
2025-12-26 16:32:51 [INFO] User generated key with password
2025-12-26 16:32:51 [INFO] Text encrypttion activated
2025-12-26 16:32:51 [INFO] Saved text file: /Users/nicklas.thegerstrom/ws/projects/nickcipher/data/output/enc_test2.txt
2025-12-26 16:39:29 [INFO] User requested decryption
2025-12-26 16:39:33 [INFO] User generated key with password
2025-12-26 16:39:33 [INFO] Text decryption activated
2025-12-26 16:40:10 [INFO] User made invalid selection from file list
2025-12-26 16:40:20 [INFO] User made invalid selection from file list
2025-12-26 16:40:31 [INFO] User requested decryption
2025-12-26 16:40:31 [INFO] Active key loaded in memory
2025-12-26 16:40:39 [INFO] User contiuing with active key
2025-12-26 16:40:39 [INFO] Text decryption activated
2025-12-26 16:41:39 [INFO] User exited application
2025-12-26 17:42:40 [INFO] User choose to read information
2025-12-26 18:14:04 [INFO] User exited application
